[2025-08-08T09:32:54] Starting SINCOR on :5000
[2025-08-08T09:33:23] AGENT GROWTH -> SEO/Outreach pass complete.
[2025-08-08T09:33:24] AGENT META -> Strategy synced to End Game.
[2025-08-08T09:33:26] AGENT OPS -> To-Do Now executed & scheduled.
[2025-08-08T09:33:27] AGENT TREASURY -> Cashflow updated & report written.
[2025-08-08T09:33:36] AGENT OPS -> To-Do Now executed & scheduled.
[2025-08-08T09:33:39] AGENT META -> Strategy synced to End Game.
[2025-08-08T09:33:41] AGENT GROWTH -> SEO/Outreach pass complete.
[2025-08-08T09:33:44] AGENT TREASURY -> Cashflow updated & report written.
[2025-08-08T09:33:52] AGENT GROWTH -> SEO/Outreach pass complete.
[2025-08-08T09:33:57] AGENT META -> Strategy synced to End Game.
[2025-08-08T09:34:00] AGENT OPS -> To-Do Now executed & scheduled.
[2025-08-08T09:34:03] AGENT TREASURY -> Cashflow updated & report written.
[2025-08-08T10:48:10] AGENT GROWTH -> SEO/Outreach pass complete.
[2025-08-08T10:48:11] AGENT META -> Strategy synced to End Game.
[2025-08-08T10:48:12] AGENT OPS -> To-Do Now executed & scheduled.
[2025-08-08T10:48:13] AGENT TREASURY -> Cashflow updated & report written.
[2025-08-08T11:23:09] Starting on :5000
[2025-08-08T11:28:35] lead saved: joe +18157188936 Full Detail
[2025-08-08T11:28:35] email draft written: C:\Users\cjay4\Downloads\sincor\outputs\email_drafts\lead_20250808_112835.eml
[2025-08-08T23:55:45] Starting on :5000
